<?xml version="1.0" encoding="UTF-8"?>
<testng-results ignored="0" total="1" passed="1" failed="0" skipped="0">
  <reporter-output>
  </reporter-output>
  <suite started-at="2023-01-13T10:45:37Z" name="Smoke" finished-at="2023-01-13T10:46:35Z" duration-ms="58255">
    <groups>
    </groups>
    <test started-at="2023-01-13T10:45:37Z" name="UserAccess" finished-at="2023-01-13T10:46:35Z" duration-ms="58255">
      <class name="com.epam.ta.test.clickOfficialCompany">
        <test-method is-config="true" signature="setUp()[pri:0, instance:com.epam.ta.test.clickOfficialCompany@b7f23d9]" started-at="2023-01-13T10:45:37Z" name="setUp" finished-at="2023-01-13T10:45:40Z" duration-ms="3151" status="PASS">
          <reporter-output>
          </reporter-output>
        </test-method> <!-- setUp -->
        <test-method signature="Logosix()[pri:0, instance:com.epam.ta.test.clickOfficialCompany@b7f23d9]" started-at="2023-01-13T10:45:40Z" name="Logosix" finished-at="2023-01-13T10:46:35Z" duration-ms="55080" status="PASS">
          <reporter-output>
          </reporter-output>
        </test-method> <!-- Logosix -->
        <test-method is-config="true" signature="stopBrowser()[pri:0, instance:com.epam.ta.test.clickOfficialCompany@b7f23d9]" started-at="2023-01-13T10:46:35Z" name="stopBrowser" finished-at="2023-01-13T10:46:35Z" duration-ms="1" status="PASS">
          <reporter-output>
          </reporter-output>
        </test-method> <!-- stopBrowser -->
      </class> <!-- com.epam.ta.test.clickOfficialCompany -->
    </test> <!-- UserAccess -->
  </suite> <!-- Smoke -->
</testng-results>
